<?xml version="1.0" encoding="UTF-8"?>
<!-- Generated by org.testng.reporters.JUnitReportReporter -->
<testsuite hostname="DESKTOP-5BSLA1S" failures="0" tests="3" name="test.Search" time="11.396" errors="0" timestamp="2025-03-29T17:38:43 IST" skipped="0">
  <testcase classname="test.Search" name="verifySearchingWithExistingProduct" time="3.916"/>
  <testcase classname="test.Search" name="verifySearchingWithNonExistingProductName" time="3.862"/>
  <testcase classname="test.Search" name="verifySearchingWithoutProvidingProductName" time="3.618"/>
</testsuite> <!-- test.Search -->
