<?xml version="1.0" encoding="UTF-8"?>
<!-- Generated by org.testng.reporters.JUnitReportReporter -->
<testsuite hostname="DESKTOP-5BSLA1S" failures="0" tests="3" name="test.SearchTest" time="17.296" errors="0" timestamp="2025-03-30T10:00:21 IST" skipped="0">
  <testcase classname="test.SearchTest" name="verifySearchingWithExistingProduct" time="5.922"/>
  <testcase classname="test.SearchTest" name="verifySearchingWithNonExistingProductName" time="6.568"/>
  <testcase classname="test.SearchTest" name="verifySearchingWithoutProvidingProductName" time="4.806"/>
</testsuite> <!-- test.SearchTest -->
